{"level":"info","message":"Servidor iniciado en el puerto 3000","timestamp":"2024-04-13T02:52:46.549Z"}
{"level":"info","message":"Petición recibida en /login","timestamp":"2024-04-13T02:53:29.924Z"}
{"level":"info","message":"Usuario y contraseña correctos:","password":"***********","timestamp":"2024-04-13T02:53:30.099Z","userName":"smr26"}
{"level":"info","message":"Petición recibida en /login","timestamp":"2024-04-13T02:54:13.170Z"}
{"level":"error","message":"Usuario o contraseña incorrectos:","password":"***********","timestamp":"2024-04-13T02:54:13.254Z","userName":"smr26"}
{"level":"info","message":"Petición recibida en /login","timestamp":"2024-04-13T02:54:39.063Z"}
{"level":"info","message":"Usuario y contraseña correctos:","password":"***********","timestamp":"2024-04-13T02:54:39.148Z","userName":"smr26"}
{"level":"info","message":"Se consultaron los datos de la dirección con el id: 1 y no se encontraron datos","querryResult":[],"timestamp":"2024-04-13T02:54:53.754Z"}
{"level":"info","message":"Se consultaron los datos de la dirección con el id: 1  y no se encontraron datos","querryResult":[],"timestamp":"2024-04-13T02:55:34.255Z"}
{"level":"info","message":"Petición recibida en /address","timestamp":"2024-04-13T02:56:13.049Z"}
{"level":"info","message":"Datos incorrectos o faltantes:","timestamp":"2024-04-13T02:56:13.054Z","validation":["colonia","calle","nExterior"]}
{"level":"info","message":"Petición recibida en /address","timestamp":"2024-04-13T02:56:41.356Z"}
{"data":["asds","asd","assa","q","asd","asdsa","","73923"],"id obtenido":"20","level":"info","message":"datos guardados:","timestamp":"2024-04-13T02:56:41.385Z"}
{"level":"info","message":"Se consulto los datos de la dirección con el id: 20","querryResult":[{"calle":"asd","codigoPostal":"73923","colonia":"q","estado":"asd","municipio":"assa","numeroExterior":"asdsa","numeroInterior":"","pais":"asds"}],"timestamp":"2024-04-13T02:57:17.145Z"}
{"level":"info","message":"Servidor iniciado en el puerto 3000","timestamp":"2024-04-13T04:41:47.675Z"}
{"level":"info","message":"Petición recibida en /address","timestamp":"2024-04-13T04:42:30.893Z"}
{"level":"info","message":"Datos incorrectos o faltantes:","timestamp":"2024-04-13T04:42:30.896Z","validation":["cp","estado","municipio","colonia","calle","numeroExterno"]}
{"level":"info","message":"Servidor iniciado en el puerto 3000","timestamp":"2024-04-13T04:43:34.508Z"}
{"level":"info","message":"Petición recibida en /address","timestamp":"2024-04-13T04:43:37.246Z"}
{"level":"info","message":"Datos incorrectos o faltantes:","timestamp":"2024-04-13T04:43:37.249Z","validation":["cp","estado","municipio","colonia","calle","numeroExterno"]}
{"level":"info","message":"Petición recibida en /address","timestamp":"2024-04-13T04:44:53.003Z"}
{"level":"info","message":"Datos incorrectos o faltantes:","timestamp":"2024-04-13T04:44:53.004Z","validation":["cp","estado","municipio","colonia","calle","numeroExterno"]}
{"level":"info","message":"Petición recibida en /address","timestamp":"2024-04-13T04:44:59.000Z"}
{"level":"info","message":"Datos incorrectos o faltantes:","timestamp":"2024-04-13T04:44:59.001Z","validation":["estado","municipio","colonia","calle","numeroExterno"]}
{"level":"info","message":"Petición recibida en /address","timestamp":"2024-04-13T04:45:05.582Z"}
{"level":"info","message":"Datos incorrectos o faltantes:","timestamp":"2024-04-13T04:45:05.583Z","validation":["estado","municipio","colonia","calle","numeroExterno"]}
{"level":"info","message":"Petición recibida en /address","timestamp":"2024-04-13T04:45:07.209Z"}
{"level":"info","message":"Datos incorrectos o faltantes:","timestamp":"2024-04-13T04:45:07.210Z","validation":["estado","municipio","colonia","calle","numeroExterno"]}
{"level":"info","message":"Servidor iniciado en el puerto 3000","timestamp":"2024-04-13T04:45:25.220Z"}
{"level":"info","message":"Petición recibida en /address","timestamp":"2024-04-13T04:45:27.668Z"}
{"level":"info","message":"Datos incorrectos o faltantes:","timestamp":"2024-04-13T04:45:27.671Z","validation":["estado","municipio","colonia","calle","numeroExterno"]}
{"level":"info","message":"Petición recibida en /address","timestamp":"2024-04-13T04:45:29.585Z"}
{"level":"info","message":"Datos incorrectos o faltantes:","timestamp":"2024-04-13T04:45:29.588Z","validation":["estado","municipio","colonia","calle","numeroExterno"]}
{"level":"info","message":"Petición recibida en /address","timestamp":"2024-04-13T04:46:48.632Z"}
{"level":"info","message":"Datos incorrectos o faltantes:","timestamp":"2024-04-13T04:46:48.633Z","validation":["estado","municipio","colonia","calle","numeroExterno"]}
{"level":"info","message":"Petición recibida en /address","timestamp":"2024-04-13T04:46:50.355Z"}
{"level":"info","message":"Datos incorrectos o faltantes:","timestamp":"2024-04-13T04:46:50.355Z","validation":["estado","municipio","colonia","calle","numeroExterno"]}
{"level":"info","message":"Servidor iniciado en el puerto 3000","timestamp":"2024-04-13T04:48:30.538Z"}
{"level":"info","message":"Petición recibida en /address","timestamp":"2024-04-13T04:48:33.556Z"}
{"data":[null,"PUEBLA","HUEYAPAN","Atmoloni","de las flores",null,null,"73923"],"error":{"code":"ER_GET_CONNECTION_TIMEOUT","errno":45028,"fatal":false,"name":"SqlError","sql":null,"sqlMessage":"retrieve connection from pool timeout after 10001ms\n    (pool connections: active=0 idle=0 limit=10)","sqlState":"HY000"},"level":"error","message":"Error al ejecutar la consulta SQL","querry":"INSERT INTO address(cp, estado, municipio, colonia, calle, numeroExterno, numeroInterno, referencia) VALUES (?,?,?,?,?,?,?,?)","timestamp":"2024-04-13T04:48:43.561Z"}
{"level":"info","message":"Servidor iniciado en el puerto 3000","timestamp":"2024-04-13T04:49:43.840Z"}
{"level":"info","message":"Petición recibida en /address","timestamp":"2024-04-13T04:49:46.053Z"}
{"data":["73923","PUEBLA","HUEYAPAN","Atmoloni","de las flores","57","",""],"error":{"code":"ER_GET_CONNECTION_TIMEOUT","errno":45028,"fatal":false,"name":"SqlError","sql":null,"sqlMessage":"retrieve connection from pool timeout after 10002ms\n    (pool connections: active=0 idle=0 limit=10)","sqlState":"HY000"},"level":"error","message":"Error al ejecutar la consulta SQL","querry":"INSERT INTO address(cp, estado, municipio, colonia, calle, numeroExterno, numeroInterno, referencia) VALUES (?,?,?,?,?,?,?,?)","timestamp":"2024-04-13T04:49:56.063Z"}
{"level":"info","message":"Servidor iniciado en el puerto 3000","timestamp":"2024-04-13T04:50:16.156Z"}
{"level":"info","message":"Petición recibida en /address","timestamp":"2024-04-13T04:50:18.587Z"}
{"data":["73923","PUEBLA","HUEYAPAN","Atmoloni","de las flores","57","",""],"error":{"code":"ER_GET_CONNECTION_TIMEOUT","errno":45028,"fatal":false,"name":"SqlError","sql":null,"sqlMessage":"retrieve connection from pool timeout after 10001ms\n    (pool connections: active=0 idle=0 limit=10)","sqlState":"HY000"},"level":"error","message":"Error al ejecutar la consulta SQL","querry":"INSERT INTO address(cp, estado, municipio, colonia, calle, numeroExterno, numeroInterno, referencia) VALUES (?,?,?,?,?,?,?,?)","timestamp":"2024-04-13T04:50:28.607Z"}
{"level":"info","message":"Servidor iniciado en el puerto 3000","timestamp":"2024-04-13T04:51:21.578Z"}
{"level":"info","message":"Petición recibida en /address","timestamp":"2024-04-13T04:51:25.406Z"}
{"data":["73923","PUEBLA","HUEYAPAN","Atmoloni","de las flores","57","",""],"id obtenido":"1","level":"info","message":"datos guardados:","timestamp":"2024-04-13T04:51:25.424Z"}
{"level":"info","message":"Petición recibida en /address","timestamp":"2024-04-13T05:07:38.403Z"}
{"data":["73923","PUEBLA","HUEYAPAN","Atmoloni","de las flores","57","",""],"id obtenido":"2","level":"info","message":"datos guardados:","timestamp":"2024-04-13T05:07:38.414Z"}
{"level":"info","message":"Servidor iniciado en el puerto 3000","timestamp":"2024-04-13T05:13:55.333Z"}
{"level":"info","message":"Servidor iniciado en el puerto 3000","timestamp":"2024-04-13T05:14:26.110Z"}
{"level":"info","message":"Servidor iniciado en el puerto 3000","timestamp":"2024-04-13T05:14:52.599Z"}
{"level":"info","message":"Servidor iniciado en el puerto 3000","timestamp":"2024-04-13T05:16:05.434Z"}
{"data":"1","error":{"code":"ER_NO_SUCH_TABLE","errno":1146,"fatal":false,"name":"SqlError","sql":"SELECT cp,estado,municipio,colonia,calle,numeroExterior,numeroInterior,referencia FROM Direccion WHERE id=? - parameters:['1']","sqlMessage":"Table 'ecommerceAsb.Direccion' doesn't exist","sqlState":"42S02"},"level":"error","message":"Error al ejecutar la consulta SQL","querry":"SELECT cp,estado,municipio,colonia,calle,numeroExterior,numeroInterior,referencia FROM Direccion WHERE id=?","timestamp":"2024-04-13T05:16:19.553Z"}
{"level":"info","message":"Servidor iniciado en el puerto 3000","timestamp":"2024-04-13T05:16:49.007Z"}
{"data":"1","error":{"code":"ER_NO_SUCH_TABLE","errno":1146,"fatal":false,"name":"SqlError","sql":"SELECT cp,estado,municipio,colonia,calle,numeroExterno,numeroInterno,referencia FROM Direccion WHERE id=? - parameters:['1']","sqlMessage":"Table 'ecommerceAsb.Direccion' doesn't exist","sqlState":"42S02"},"level":"error","message":"Error al ejecutar la consulta SQL","querry":"SELECT cp,estado,municipio,colonia,calle,numeroExterno,numeroInterno,referencia FROM Direccion WHERE id=?","timestamp":"2024-04-13T05:16:52.133Z"}
{"level":"info","message":"Servidor iniciado en el puerto 3000","timestamp":"2024-04-13T05:17:09.951Z"}
{"data":"1","error":{"code":"ER_NO_SUCH_TABLE","errno":1146,"fatal":false,"name":"SqlError","sql":"SELECT cp,estado,municipio,colonia,calle,numeroExterno,numeroInterno,referencia FROM Direccion WHERE id=? - parameters:['1']","sqlMessage":"Table 'ecommerceAsb.Direccion' doesn't exist","sqlState":"42S02"},"level":"error","message":"Error al ejecutar la consulta SQL","querry":"SELECT cp,estado,municipio,colonia,calle,numeroExterno,numeroInterno,referencia FROM Direccion WHERE id=?","timestamp":"2024-04-13T05:17:11.742Z"}
{"level":"info","message":"Servidor iniciado en el puerto 3000","timestamp":"2024-04-13T05:17:46.577Z"}
{"level":"info","message":"Se consulto los datos de la dirección con el id: 1","querryResult":[{"calle":"de las flores","colonia":"Atmoloni","cp":73923,"estado":"PUEBLA","municipio":"HUEYAPAN","numeroExterno":"57","numeroInterno":"","referencia":""}],"timestamp":"2024-04-13T05:17:49.015Z"}
{"level":"info","message":"Se consulto los datos de la dirección con el id: 2","querryResult":[{"calle":"de las flores","colonia":"Atmoloni","cp":73923,"estado":"PUEBLA","municipio":"HUEYAPAN","numeroExterno":"57","numeroInterno":"","referencia":""}],"timestamp":"2024-04-13T05:18:13.245Z"}
{"level":"info","message":"Se consultaron los datos de la dirección con el id: 9 y no se encontraron datos","querryResult":[],"timestamp":"2024-04-13T05:18:56.366Z"}
{"level":"info","message":"Servidor iniciado en el puerto 3000","timestamp":"2024-04-13T05:20:18.254Z"}
{"level":"info","message":"¡Se elimino la dirección con el id 9!","timestamp":"2024-04-13T05:20:19.847Z"}
{"level":"info","message":"¡Se elimino la dirección con el id 2!","timestamp":"2024-04-13T05:20:30.685Z"}
{"level":"info","message":"¡Se elimino la dirección con el id 1!","timestamp":"2024-04-13T05:20:40.806Z"}
{"level":"info","message":"Petición recibida en /address","timestamp":"2024-04-13T05:20:47.943Z"}
{"data":["73923","PUEBLA","HUEYAPAN","Atmoloni","de las flores","57","",""],"id obtenido":"3","level":"info","message":"datos guardados:","timestamp":"2024-04-13T05:20:47.956Z"}
{"level":"info","message":"Servidor iniciado en el puerto 3000","timestamp":"2024-04-13T19:22:31.934Z"}
{"level":"info","message":"Servidor iniciado en el puerto 3000","timestamp":"2024-04-13T21:56:26.281Z"}
{"level":"info","message":"Servidor iniciado en el puerto 3000","timestamp":"2024-04-13T21:56:38.663Z"}
{"level":"info","message":"Servidor iniciado en el puerto 3000","timestamp":"2024-04-13T21:56:48.085Z"}
{"level":"info","message":"Servidor iniciado en el puerto 3000","timestamp":"2024-04-13T21:58:30.839Z"}
{"level":"info","message":"Servidor iniciado en el puerto 3000","timestamp":"2024-04-14T00:08:59.335Z"}
{"level":"info","message":"Servidor iniciado en el puerto 3000","timestamp":"2024-04-14T00:18:38.909Z"}
{"level":"info","message":"Servidor iniciado en el puerto 3000","timestamp":"2024-04-14T01:09:33.435Z"}
{"level":"info","message":"Servidor iniciado en el puerto 3000","timestamp":"2024-04-14T01:10:17.759Z"}
{"level":"info","message":"Servidor iniciado en el puerto 3000","timestamp":"2024-04-14T01:30:35.333Z"}
{"level":"info","message":"Servidor iniciado en el puerto 3000","timestamp":"2024-04-14T01:32:23.511Z"}
{"level":"info","message":"Servidor iniciado en el puerto 3000","timestamp":"2024-04-14T01:33:44.169Z"}
{"level":"info","message":"Servidor iniciado en el puerto 3000","timestamp":"2024-04-14T01:34:20.302Z"}
{"level":"info","message":"Servidor iniciado en el puerto 3000","timestamp":"2024-04-14T01:34:38.892Z"}
{"level":"info","message":"Servidor iniciado en el puerto 3000","timestamp":"2024-04-14T01:37:09.642Z"}
{"level":"info","message":"Servidor iniciado en el puerto 3000","timestamp":"2024-04-14T01:38:08.670Z"}
{"level":"info","message":"Servidor iniciado en el puerto 3000","timestamp":"2024-04-14T01:39:06.344Z"}
{"level":"info","message":"Servidor iniciado en el puerto 3000","timestamp":"2024-04-14T01:47:51.613Z"}
{"level":"info","message":"Servidor iniciado en el puerto 3000","timestamp":"2024-04-14T01:49:29.421Z"}
{"level":"info","message":"Servidor iniciado en el puerto 3000","timestamp":"2024-04-14T01:50:01.939Z"}
{"level":"info","message":"Servidor iniciado en el puerto 3000","timestamp":"2024-04-14T01:50:37.029Z"}
{"level":"info","message":"Servidor iniciado en el puerto 3000","timestamp":"2024-04-14T01:52:50.686Z"}
{"level":"info","message":"Servidor iniciado en el puerto 3000","timestamp":"2024-04-14T01:56:36.737Z"}
{"level":"info","message":"Servidor iniciado en el puerto 3000","timestamp":"2024-04-14T01:57:33.789Z"}
{"level":"info","message":"Servidor iniciado en el puerto 3000","timestamp":"2024-04-14T01:58:02.475Z"}
{"level":"info","message":"Servidor iniciado en el puerto 3000","timestamp":"2024-04-14T01:58:30.427Z"}
{"level":"info","message":"Servidor iniciado en el puerto 3000","timestamp":"2024-04-14T01:59:06.696Z"}
{"level":"info","message":"Servidor iniciado en el puerto 3000","timestamp":"2024-04-14T02:08:37.743Z"}
{"level":"info","message":"Servidor iniciado en el puerto 3000","timestamp":"2024-04-14T19:02:58.782Z"}
{"level":"info","message":"Servidor iniciado en el puerto 3000","timestamp":"2024-04-14T19:48:45.465Z"}
{"level":"info","message":"Servidor iniciado en el puerto 3000","timestamp":"2024-04-14T19:58:03.524Z"}
{"level":"info","message":"Petición recibida en /cliente/undefined","timestamp":"2024-04-14T19:58:11.790Z"}
{"level":"info","message":"Petición recibida en /cliente/undefined","timestamp":"2024-04-14T19:59:19.242Z"}
{"level":"info","message":"Petición recibida en /cliente/undefined","timestamp":"2024-04-14T20:32:21.466Z"}
{"level":"info","message":"Servidor iniciado en el puerto 3000","timestamp":"2024-04-14T20:32:33.640Z"}
{"level":"info","message":"Petición recibida en /cliente/undefined","timestamp":"2024-04-14T20:32:36.776Z"}
{"level":"info","message":"El cliente no es valido, id a consultar: undefined","timestamp":"2024-04-14T20:32:36.777Z"}
{"level":"info","message":"Petición recibida en /cliente/undefined","timestamp":"2024-04-14T20:33:15.088Z"}
{"level":"info","message":"El cliente no es valido, id a consultar: undefined","timestamp":"2024-04-14T20:33:15.088Z"}
{"level":"info","message":"Servidor iniciado en el puerto 3000","timestamp":"2024-04-14T20:34:34.366Z"}
{"level":"info","message":"Petición recibida en /cliente/undefined","timestamp":"2024-04-14T20:34:50.173Z"}
{"level":"info","message":"El cliente no es valido, id a consultar: undefined","timestamp":"2024-04-14T20:34:50.173Z"}
{"level":"info","message":"Petición recibida en /cliente/undefined","timestamp":"2024-04-14T20:35:17.470Z"}
{"level":"info","message":"El cliente no es valido, id a consultar: undefined","timestamp":"2024-04-14T20:35:17.471Z"}
{"level":"info","message":"Petición recibida en /cliente/1","timestamp":"2024-04-14T20:35:26.207Z"}
{"level":"info","message":"El cliente no es valido, id a consultar: 1","timestamp":"2024-04-14T20:35:26.208Z"}
{"level":"info","message":"Servidor iniciado en el puerto 3000","timestamp":"2024-04-14T20:35:43.075Z"}
{"level":"info","message":"Petición recibida en /cliente/1","timestamp":"2024-04-14T20:35:46.178Z"}
{"level":"info","message":"El cliente no es valido, id a consultar: 1","timestamp":"2024-04-14T20:35:46.179Z"}
{"level":"info","message":"Petición recibida en /cliente/1","timestamp":"2024-04-14T20:35:50.330Z"}
{"level":"info","message":"El cliente no es valido, id a consultar: 1","timestamp":"2024-04-14T20:35:50.330Z"}
{"level":"info","message":"Petición recibida en /cliente/1","timestamp":"2024-04-14T20:36:48.193Z"}
{"level":"info","message":"El cliente no es valido, id a consultar: 1","timestamp":"2024-04-14T20:36:48.193Z"}
{"level":"info","message":"Petición recibida en /cliente/1","timestamp":"2024-04-14T20:43:02.729Z"}
{"level":"info","message":"El cliente no es valido, id a consultar: 1","timestamp":"2024-04-14T20:43:02.730Z"}
{"level":"info","message":"Servidor iniciado en el puerto 3000","timestamp":"2024-04-14T20:44:45.223Z"}
{"level":"info","message":"Petición recibida en /cliente/1","timestamp":"2024-04-14T20:44:50.843Z"}
{"data":"1","level":"error","message":"Cliente inexistente","query":"SELECT * FROM clients_users WHERE id=?","timestamp":"2024-04-14T20:44:50.853Z"}
{"level":"info","message":"Petición recibida en /cliente/1","timestamp":"2024-04-14T20:45:17.202Z"}
{"data":"1","level":"error","message":"Cliente inexistente","query":"SELECT * FROM clients_users WHERE id=?","timestamp":"2024-04-14T20:45:17.204Z"}
{"level":"info","message":"Petición recibida en /cliente/1","timestamp":"2024-04-14T20:45:31.930Z"}
{"data":"1","level":"error","message":"Cliente inexistente","query":"SELECT * FROM clients_users WHERE id=?","timestamp":"2024-04-14T20:45:31.932Z"}
{"level":"info","message":"Petición recibida en /cliente/1","timestamp":"2024-04-14T20:51:37.249Z"}
{"data":"1","level":"error","message":"Cliente inexistente","query":"SELECT * FROM clients_users WHERE id=?","timestamp":"2024-04-14T20:51:37.250Z"}
{"level":"info","message":"Petición recibida en /cliente/1","timestamp":"2024-04-14T20:56:20.162Z"}
{"data":"1","level":"error","message":"Cliente inexistente","query":"SELECT * FROM clients_users WHERE id=?","timestamp":"2024-04-14T20:56:20.165Z"}
{"level":"info","message":"Servidor iniciado en el puerto 3000","timestamp":"2024-04-14T21:01:00.918Z"}
{"level":"info","message":"Petición recibida en /cliente/1","timestamp":"2024-04-14T21:01:55.112Z"}
{"data":"1","level":"error","message":"Cliente inexistente","query":"SELECT * FROM clients_users WHERE id=?","timestamp":"2024-04-14T21:01:55.117Z"}
{"level":"info","message":"Servidor iniciado en el puerto 3000","timestamp":"2024-04-14T21:04:01.778Z"}
{"level":"info","message":"Servidor iniciado en el puerto 3000","timestamp":"2024-04-14T21:04:30.644Z"}
{"level":"info","message":"Servidor iniciado en el puerto 3000","timestamp":"2024-04-14T21:05:31.290Z"}
{"level":"info","message":"Servidor iniciado en el puerto 3000","timestamp":"2024-04-14T21:07:53.846Z"}
{"level":"info","message":"Petición recibida en /cliente/1","timestamp":"2024-04-14T21:08:10.492Z"}
{"data":"1","level":"error","message":"Cliente inexistente","query":"SELECT * FROM clients_users WHERE id=?","timestamp":"2024-04-14T21:08:10.501Z"}
{"level":"info","message":"Servidor iniciado en el puerto 3000","timestamp":"2024-04-14T21:10:47.616Z"}
{"level":"info","message":"Petición recibida en /cliente/1","timestamp":"2024-04-14T21:10:50.653Z"}
{"data":"1","level":"error","message":"Cliente inexistente","query":"SELECT * FROM clients_users WHERE id=?","timestamp":"2024-04-14T21:10:50.663Z"}
{"level":"info","message":"Petición recibida en /cliente/1","timestamp":"2024-04-14T21:19:45.045Z"}
{"data":"1","level":"error","message":"Cliente inexistente","query":"SELECT * FROM clients_users WHERE id=?","timestamp":"2024-04-14T21:19:45.049Z"}
{"level":"info","message":"Servidor iniciado en el puerto 3000","timestamp":"2024-04-14T21:19:55.796Z"}
{"level":"info","message":"Petición recibida en /cliente/1","timestamp":"2024-04-14T21:19:57.755Z"}
{"data":"1","level":"error","message":"Cliente inexistente","query":"SELECT * FROM clients_users WHERE id=?","timestamp":"2024-04-14T21:19:57.766Z"}
{"level":"info","message":"Petición recibida en /cliente/1","timestamp":"2024-04-14T21:23:35.936Z"}
{"data":"1","level":"error","message":"Cliente inexistente","query":"SELECT * FROM clients_users WHERE id=?","timestamp":"2024-04-14T21:23:35.938Z"}
{"level":"info","message":"Petición recibida en /cliente/1","timestamp":"2024-04-14T21:24:31.542Z"}
{"data":"1","level":"error","message":"Cliente inexistente","query":"SELECT * FROM clients_users WHERE id=?","timestamp":"2024-04-14T21:24:31.545Z"}
{"level":"info","message":"Servidor iniciado en el puerto 3000","timestamp":"2024-04-14T21:24:38.312Z"}
{"level":"info","message":"Petición recibida en /cliente/1","timestamp":"2024-04-14T21:24:40.868Z"}
{"level":"info","message":"Consulta de datos del cliente con id: 1","result":[{"apellidoM":"Martin","apellidoP":"Hernández","celular":"1230456789","correo":"correo@gmail.com","id":1,"nombre":"Candido","password":"123456789","status":"A","telefono":null,"user":"usuario1"}],"timestamp":"2024-04-14T21:24:40.890Z"}
{"level":"info","message":"Petición recibida en /cliente/1","timestamp":"2024-04-14T21:51:13.042Z"}
{"level":"info","message":"Consulta de datos del cliente con id: 1","result":[{"apellidoM":"Martin","apellidoP":"Hernández","celular":"1230456789","correo":"correo@gmail.com","id":1,"nombre":"Candido","password":"123456789","status":"A","telefono":null,"user":"usuario1"}],"timestamp":"2024-04-14T21:51:13.050Z"}
{"level":"info","message":"Petición recibida en /cliente/1","timestamp":"2024-04-14T21:52:01.465Z"}
{"level":"info","message":"Consulta de datos del cliente con id: 1","result":[{"apellidoM":"Martin","apellidoP":"Hernández","celular":"1230456789","correo":"correo@gmail.com","id":1,"nombre":"Candido","password":"123456789","status":"A","telefono":null,"user":"usuario1"}],"timestamp":"2024-04-14T21:52:01.475Z"}
{"level":"info","message":"Servidor iniciado en el puerto 3000","timestamp":"2024-04-14T21:52:57.137Z"}
{"level":"info","message":"Petición recibida en /cliente/1","timestamp":"2024-04-14T21:52:59.855Z"}
{"level":"info","message":"Consulta de datos del cliente con id: 1","result":[{"apellidoM":"Martin","apellidoP":"Hernández","celular":"1230456789","correo":"correo@gmail.com","id":1,"nombre":"Candido","password":"123456789","status":"A","telefono":null,"user":"usuario1"}],"timestamp":"2024-04-14T21:52:59.868Z"}
